<?xml version="1.0" encoding="UTF-8"?>
<!-- Generated by org.testng.reporters.JUnitReportReporter -->
<testsuite hostname="LAPTOP-D8BT2UUL" failures="0" tests="1" name="tests.PetStoreApiTests" time="4.760" errors="0" timestamp="2022-12-15T19:20:23 EST" skipped="0">
  <testcase classname="tests.PetStoreApiTests" name="postACat" time="4.760"/>
  <system-out/>
</testsuite> <!-- tests.PetStoreApiTests -->
